{"/Users/x219787/cloud-identity/adapter.js": {"path":"/Users/x219787/cloud-identity/adapter.js","statementMap":{"0":{"start":{"line":1,"column":0},"end":{"line":14,"column":2}},"1":{"start":{"line":3,"column":4},"end":{"line":12,"column":6}}},"fnMap":{"0":{"name":"(anonymous_0)","decl":{"start":{"line":2,"column":12},"end":{"line":2,"column":13}},"loc":{"start":{"line":2,"column":20},"end":{"line":13,"column":3}},"line":2}},"branchMap":{"0":{"loc":{"start":{"line":4,"column":16},"end":{"line":4,"column":35}},"type":"binary-expr","locations":[{"start":{"line":4,"column":16},"end":{"line":4,"column":29}},{"start":{"line":4,"column":33},"end":{"line":4,"column":35}}],"line":4},"1":{"loc":{"start":{"line":5,"column":16},"end":{"line":5,"column":35}},"type":"binary-expr","locations":[{"start":{"line":5,"column":16},"end":{"line":5,"column":29}},{"start":{"line":5,"column":33},"end":{"line":5,"column":35}}],"line":5},"2":{"loc":{"start":{"line":6,"column":13},"end":{"line":6,"column":29}},"type":"binary-expr","locations":[{"start":{"line":6,"column":13},"end":{"line":6,"column":23}},{"start":{"line":6,"column":27},"end":{"line":6,"column":29}}],"line":6},"3":{"loc":{"start":{"line":7,"column":13},"end":{"line":7,"column":29}},"type":"binary-expr","locations":[{"start":{"line":7,"column":13},"end":{"line":7,"column":23}},{"start":{"line":7,"column":27},"end":{"line":7,"column":29}}],"line":7},"4":{"loc":{"start":{"line":8,"column":17},"end":{"line":8,"column":37}},"type":"binary-expr","locations":[{"start":{"line":8,"column":17},"end":{"line":8,"column":31}},{"start":{"line":8,"column":35},"end":{"line":8,"column":37}}],"line":8},"5":{"loc":{"start":{"line":9,"column":16},"end":{"line":9,"column":35}},"type":"binary-expr","locations":[{"start":{"line":9,"column":16},"end":{"line":9,"column":29}},{"start":{"line":9,"column":33},"end":{"line":9,"column":35}}],"line":9},"6":{"loc":{"start":{"line":10,"column":21},"end":{"line":10,"column":45}},"type":"binary-expr","locations":[{"start":{"line":10,"column":21},"end":{"line":10,"column":39}},{"start":{"line":10,"column":43},"end":{"line":10,"column":45}}],"line":10},"7":{"loc":{"start":{"line":11,"column":19},"end":{"line":11,"column":41}},"type":"binary-expr","locations":[{"start":{"line":11,"column":19},"end":{"line":11,"column":35}},{"start":{"line":11,"column":39},"end":{"line":11,"column":41}}],"line":11}},"s":{"0":1,"1":0},"f":{"0":0},"b":{"0":[0,0],"1":[0,0],"2":[0,0],"3":[0,0],"4":[0,0],"5":[0,0],"6":[0,0],"7":[0,0]},"_coverageSchema":"43e27e138ebf9cfc5966b082cf9a028302ed4184","hash":"cd7c818e9e3295645c07d9ec253bc7ab309ee86b"}
,"/Users/x219787/cloud-identity/dbops.js": {"path":"/Users/x219787/cloud-identity/dbops.js","statementMap":{"0":{"start":{"line":1,"column":15},"end":{"line":1,"column":40}},"1":{"start":{"line":2,"column":14},"end":{"line":2,"column":32}},"2":{"start":{"line":3,"column":15},"end":{"line":3,"column":32}},"3":{"start":{"line":5,"column":0},"end":{"line":148,"column":2}},"4":{"start":{"line":8,"column":4},"end":{"line":11,"column":5}},"5":{"start":{"line":9,"column":6},"end":{"line":9,"column":70}},"6":{"start":{"line":10,"column":6},"end":{"line":10,"column":23}},"7":{"start":{"line":14,"column":27},"end":{"line":17,"column":14}},"8":{"start":{"line":18,"column":30},"end":{"line":21,"column":14}},"9":{"start":{"line":23,"column":4},"end":{"line":39,"column":5}},"10":{"start":{"line":24,"column":6},"end":{"line":24,"column":62}},"11":{"start":{"line":25,"column":6},"end":{"line":25,"column":25}},"12":{"start":{"line":27,"column":6},"end":{"line":38,"column":7}},"13":{"start":{"line":28,"column":19},"end":{"line":28,"column":55}},"14":{"start":{"line":29,"column":8},"end":{"line":34,"column":9}},"15":{"start":{"line":30,"column":10},"end":{"line":30,"column":31}},"16":{"start":{"line":31,"column":29},"end":{"line":31,"column":73}},"17":{"start":{"line":32,"column":10},"end":{"line":32,"column":75}},"18":{"start":{"line":33,"column":10},"end":{"line":33,"column":27}},"19":{"start":{"line":36,"column":8},"end":{"line":36,"column":29}},"20":{"start":{"line":37,"column":8},"end":{"line":37,"column":32}},"21":{"start":{"line":42,"column":4},"end":{"line":44,"column":5}},"22":{"start":{"line":43,"column":6},"end":{"line":43,"column":23}},"23":{"start":{"line":45,"column":17},"end":{"line":45,"column":71}},"24":{"start":{"line":46,"column":4},"end":{"line":76,"column":5}},"25":{"start":{"line":47,"column":33},"end":{"line":50,"column":7}},"26":{"start":{"line":51,"column":6},"end":{"line":73,"column":7}},"27":{"start":{"line":52,"column":8},"end":{"line":70,"column":9}},"28":{"start":{"line":53,"column":21},"end":{"line":53,"column":55}},"29":{"start":{"line":54,"column":10},"end":{"line":66,"column":11}},"30":{"start":{"line":55,"column":12},"end":{"line":60,"column":14}},"31":{"start":{"line":61,"column":12},"end":{"line":61,"column":71}},"32":{"start":{"line":62,"column":12},"end":{"line":62,"column":29}},"33":{"start":{"line":64,"column":12},"end":{"line":64,"column":66}},"34":{"start":{"line":65,"column":12},"end":{"line":65,"column":36}},"35":{"start":{"line":68,"column":10},"end":{"line":68,"column":31}},"36":{"start":{"line":69,"column":10},"end":{"line":69,"column":34}},"37":{"start":{"line":72,"column":8},"end":{"line":72,"column":25}},"38":{"start":{"line":75,"column":6},"end":{"line":75,"column":23}},"39":{"start":{"line":79,"column":4},"end":{"line":81,"column":5}},"40":{"start":{"line":80,"column":6},"end":{"line":80,"column":23}},"41":{"start":{"line":82,"column":4},"end":{"line":92,"column":5}},"42":{"start":{"line":83,"column":19},"end":{"line":83,"column":73}},"43":{"start":{"line":84,"column":6},"end":{"line":88,"column":7}},"44":{"start":{"line":85,"column":8},"end":{"line":85,"column":45}},"45":{"start":{"line":87,"column":8},"end":{"line":87,"column":25}},"46":{"start":{"line":90,"column":6},"end":{"line":90,"column":27}},"47":{"start":{"line":91,"column":6},"end":{"line":91,"column":30}},"48":{"start":{"line":95,"column":4},"end":{"line":97,"column":5}},"49":{"start":{"line":96,"column":6},"end":{"line":96,"column":23}},"50":{"start":{"line":98,"column":4},"end":{"line":110,"column":5}},"51":{"start":{"line":99,"column":27},"end":{"line":102,"column":8}},"52":{"start":{"line":101,"column":38},"end":{"line":101,"column":58}},"53":{"start":{"line":103,"column":6},"end":{"line":106,"column":8}},"54":{"start":{"line":108,"column":6},"end":{"line":108,"column":27}},"55":{"start":{"line":109,"column":6},"end":{"line":109,"column":30}},"56":{"start":{"line":113,"column":4},"end":{"line":115,"column":5}},"57":{"start":{"line":114,"column":6},"end":{"line":114,"column":23}},"58":{"start":{"line":116,"column":4},"end":{"line":127,"column":5}},"59":{"start":{"line":117,"column":19},"end":{"line":119,"column":48}},"60":{"start":{"line":120,"column":6},"end":{"line":123,"column":8}},"61":{"start":{"line":125,"column":6},"end":{"line":125,"column":27}},"62":{"start":{"line":126,"column":6},"end":{"line":126,"column":30}},"63":{"start":{"line":130,"column":4},"end":{"line":132,"column":5}},"64":{"start":{"line":131,"column":6},"end":{"line":131,"column":23}},"65":{"start":{"line":133,"column":4},"end":{"line":146,"column":5}},"66":{"start":{"line":134,"column":20},"end":{"line":137,"column":18}},"67":{"start":{"line":138,"column":6},"end":{"line":142,"column":7}},"68":{"start":{"line":139,"column":8},"end":{"line":139,"column":46}},"69":{"start":{"line":141,"column":8},"end":{"line":141,"column":25}},"70":{"start":{"line":144,"column":6},"end":{"line":144,"column":27}},"71":{"start":{"line":145,"column":6},"end":{"line":145,"column":30}}},"fnMap":{"0":{"name":"(anonymous_0)","decl":{"start":{"line":6,"column":14},"end":{"line":6,"column":15}},"loc":{"start":{"line":6,"column":34},"end":{"line":40,"column":3}},"line":6},"1":{"name":"(anonymous_1)","decl":{"start":{"line":41,"column":22},"end":{"line":41,"column":23}},"loc":{"start":{"line":41,"column":69},"end":{"line":77,"column":3}},"line":41},"2":{"name":"(anonymous_2)","decl":{"start":{"line":78,"column":11},"end":{"line":78,"column":12}},"loc":{"start":{"line":78,"column":32},"end":{"line":93,"column":3}},"line":78},"3":{"name":"(anonymous_3)","decl":{"start":{"line":94,"column":18},"end":{"line":94,"column":19}},"loc":{"start":{"line":94,"column":52},"end":{"line":111,"column":3}},"line":94},"4":{"name":"(anonymous_4)","decl":{"start":{"line":101,"column":30},"end":{"line":101,"column":31}},"loc":{"start":{"line":101,"column":38},"end":{"line":101,"column":58}},"line":101},"5":{"name":"(anonymous_5)","decl":{"start":{"line":112,"column":14},"end":{"line":112,"column":15}},"loc":{"start":{"line":112,"column":36},"end":{"line":128,"column":3}},"line":112},"6":{"name":"(anonymous_6)","decl":{"start":{"line":129,"column":15},"end":{"line":129,"column":16}},"loc":{"start":{"line":129,"column":41},"end":{"line":147,"column":3}},"line":129}},"branchMap":{"0":{"loc":{"start":{"line":8,"column":4},"end":{"line":11,"column":5}},"type":"if","locations":[{"start":{"line":8,"column":4},"end":{"line":11,"column":5}},{"start":{"line":8,"column":4},"end":{"line":11,"column":5}}],"line":8},"1":{"loc":{"start":{"line":8,"column":8},"end":{"line":8,"column":49}},"type":"binary-expr","locations":[{"start":{"line":8,"column":8},"end":{"line":8,"column":25}},{"start":{"line":8,"column":29},"end":{"line":8,"column":49}}],"line":8},"2":{"loc":{"start":{"line":23,"column":4},"end":{"line":39,"column":5}},"type":"if","locations":[{"start":{"line":23,"column":4},"end":{"line":39,"column":5}},{"start":{"line":23,"column":4},"end":{"line":39,"column":5}}],"line":23},"3":{"loc":{"start":{"line":23,"column":8},"end":{"line":23,"column":69}},"type":"binary-expr","locations":[{"start":{"line":23,"column":8},"end":{"line":23,"column":22}},{"start":{"line":23,"column":27},"end":{"line":23,"column":47}},{"start":{"line":23,"column":51},"end":{"line":23,"column":68}}],"line":23},"4":{"loc":{"start":{"line":29,"column":8},"end":{"line":34,"column":9}},"type":"if","locations":[{"start":{"line":29,"column":8},"end":{"line":34,"column":9}},{"start":{"line":29,"column":8},"end":{"line":34,"column":9}}],"line":29},"5":{"loc":{"start":{"line":42,"column":4},"end":{"line":44,"column":5}},"type":"if","locations":[{"start":{"line":42,"column":4},"end":{"line":44,"column":5}},{"start":{"line":42,"column":4},"end":{"line":44,"column":5}}],"line":42},"6":{"loc":{"start":{"line":42,"column":8},"end":{"line":42,"column":46}},"type":"binary-expr","locations":[{"start":{"line":42,"column":8},"end":{"line":42,"column":14}},{"start":{"line":42,"column":18},"end":{"line":42,"column":30}},{"start":{"line":42,"column":34},"end":{"line":42,"column":46}}],"line":42},"7":{"loc":{"start":{"line":46,"column":4},"end":{"line":76,"column":5}},"type":"if","locations":[{"start":{"line":46,"column":4},"end":{"line":76,"column":5}},{"start":{"line":46,"column":4},"end":{"line":76,"column":5}}],"line":46},"8":{"loc":{"start":{"line":51,"column":6},"end":{"line":73,"column":7}},"type":"if","locations":[{"start":{"line":51,"column":6},"end":{"line":73,"column":7}},{"start":{"line":51,"column":6},"end":{"line":73,"column":7}}],"line":51},"9":{"loc":{"start":{"line":54,"column":10},"end":{"line":66,"column":11}},"type":"if","locations":[{"start":{"line":54,"column":10},"end":{"line":66,"column":11}},{"start":{"line":54,"column":10},"end":{"line":66,"column":11}}],"line":54},"10":{"loc":{"start":{"line":79,"column":4},"end":{"line":81,"column":5}},"type":"if","locations":[{"start":{"line":79,"column":4},"end":{"line":81,"column":5}},{"start":{"line":79,"column":4},"end":{"line":81,"column":5}}],"line":79},"11":{"loc":{"start":{"line":84,"column":6},"end":{"line":88,"column":7}},"type":"if","locations":[{"start":{"line":84,"column":6},"end":{"line":88,"column":7}},{"start":{"line":84,"column":6},"end":{"line":88,"column":7}}],"line":84},"12":{"loc":{"start":{"line":95,"column":4},"end":{"line":97,"column":5}},"type":"if","locations":[{"start":{"line":95,"column":4},"end":{"line":97,"column":5}},{"start":{"line":95,"column":4},"end":{"line":97,"column":5}}],"line":95},"13":{"loc":{"start":{"line":95,"column":8},"end":{"line":95,"column":67}},"type":"binary-expr","locations":[{"start":{"line":95,"column":8},"end":{"line":95,"column":14}},{"start":{"line":95,"column":18},"end":{"line":95,"column":39}},{"start":{"line":95,"column":43},"end":{"line":95,"column":67}}],"line":95},"14":{"loc":{"start":{"line":95,"column":45},"end":{"line":95,"column":66}},"type":"binary-expr","locations":[{"start":{"line":95,"column":45},"end":{"line":95,"column":50}},{"start":{"line":95,"column":54},"end":{"line":95,"column":66}}],"line":95},"15":{"loc":{"start":{"line":113,"column":4},"end":{"line":115,"column":5}},"type":"if","locations":[{"start":{"line":113,"column":4},"end":{"line":115,"column":5}},{"start":{"line":113,"column":4},"end":{"line":115,"column":5}}],"line":113},"16":{"loc":{"start":{"line":130,"column":4},"end":{"line":132,"column":5}},"type":"if","locations":[{"start":{"line":130,"column":4},"end":{"line":132,"column":5}},{"start":{"line":130,"column":4},"end":{"line":132,"column":5}}],"line":130},"17":{"loc":{"start":{"line":138,"column":6},"end":{"line":142,"column":7}},"type":"if","locations":[{"start":{"line":138,"column":6},"end":{"line":142,"column":7}},{"start":{"line":138,"column":6},"end":{"line":142,"column":7}}],"line":138}},"s":{"0":1,"1":1,"2":1,"3":1,"4":0,"5":0,"6":0,"7":0,"8":0,"9":0,"10":0,"11":0,"12":0,"13":0,"14":0,"15":0,"16":0,"17":0,"18":0,"19":0,"20":0,"21":0,"22":0,"23":0,"24":0,"25":0,"26":0,"27":0,"28":0,"29":0,"30":0,"31":0,"32":0,"33":0,"34":0,"35":0,"36":0,"37":0,"38":0,"39":0,"40":0,"41":0,"42":0,"43":0,"44":0,"45":0,"46":0,"47":0,"48":0,"49":0,"50":0,"51":0,"52":0,"53":0,"54":0,"55":0,"56":0,"57":0,"58":0,"59":0,"60":0,"61":0,"62":0,"63":0,"64":0,"65":0,"66":0,"67":0,"68":0,"69":0,"70":0,"71":0},"f":{"0":0,"1":0,"2":0,"3":0,"4":0,"5":0,"6":0},"b":{"0":[0,0],"1":[0,0],"2":[0,0],"3":[0,0,0],"4":[0,0],"5":[0,0],"6":[0,0,0],"7":[0,0],"8":[0,0],"9":[0,0],"10":[0,0],"11":[0,0],"12":[0,0],"13":[0,0,0],"14":[0,0],"15":[0,0],"16":[0,0],"17":[0,0]},"_coverageSchema":"43e27e138ebf9cfc5966b082cf9a028302ed4184","hash":"e003f1e6a9f95fd1b1f8ec043d487a44e0dfc696"}
,"/Users/x219787/cloud-identity/controllers/user.js": {"path":"/Users/x219787/cloud-identity/controllers/user.js","statementMap":{"0":{"start":{"line":1,"column":16},"end":{"line":1,"column":43}},"1":{"start":{"line":2,"column":16},"end":{"line":2,"column":37}},"2":{"start":{"line":3,"column":14},"end":{"line":3,"column":33}},"3":{"start":{"line":4,"column":17},"end":{"line":4,"column":52}},"4":{"start":{"line":9,"column":4},"end":{"line":9,"column":32}},"5":{"start":{"line":11,"column":0},"end":{"line":61,"column":2}},"6":{"start":{"line":12,"column":16},"end":{"line":15,"column":3}},"7":{"start":{"line":13,"column":22},"end":{"line":13,"column":76}},"8":{"start":{"line":14,"column":4},"end":{"line":14,"column":34}},"9":{"start":{"line":16,"column":16},"end":{"line":26,"column":3}},"10":{"start":{"line":17,"column":19},"end":{"line":17,"column":40}},"11":{"start":{"line":18,"column":4},"end":{"line":22,"column":5}},"12":{"start":{"line":19,"column":6},"end":{"line":21,"column":9}},"13":{"start":{"line":23,"column":4},"end":{"line":25,"column":7}},"14":{"start":{"line":27,"column":20},"end":{"line":35,"column":3}},"15":{"start":{"line":28,"column":4},"end":{"line":34,"column":7}},"16":{"start":{"line":29,"column":6},"end":{"line":33,"column":7}},"17":{"start":{"line":30,"column":8},"end":{"line":30,"column":61}},"18":{"start":{"line":32,"column":8},"end":{"line":32,"column":35}},"19":{"start":{"line":36,"column":33},"end":{"line":50,"column":3}},"20":{"start":{"line":37,"column":27},"end":{"line":42,"column":5}},"21":{"start":{"line":44,"column":4},"end":{"line":49,"column":5}},"22":{"start":{"line":45,"column":6},"end":{"line":45,"column":32}},"23":{"start":{"line":46,"column":6},"end":{"line":46,"column":47}},"24":{"start":{"line":48,"column":6},"end":{"line":48,"column":41}},"25":{"start":{"line":51,"column":29},"end":{"line":60,"column":3}},"26":{"start":{"line":52,"column":17},"end":{"line":52,"column":28}},"27":{"start":{"line":53,"column":22},"end":{"line":53,"column":56}},"28":{"start":{"line":54,"column":4},"end":{"line":59,"column":5}},"29":{"start":{"line":55,"column":6},"end":{"line":55,"column":38}},"30":{"start":{"line":56,"column":6},"end":{"line":56,"column":43}},"31":{"start":{"line":58,"column":6},"end":{"line":58,"column":36}}},"fnMap":{"0":{"name":"(anonymous_0)","decl":{"start":{"line":12,"column":10},"end":{"line":12,"column":11}},"loc":{"start":{"line":12,"column":16},"end":{"line":15,"column":3}},"line":12},"1":{"name":"(anonymous_1)","decl":{"start":{"line":12,"column":16},"end":{"line":12,"column":17}},"loc":{"start":{"line":12,"column":36},"end":{"line":15,"column":3}},"line":12},"2":{"name":"(anonymous_2)","decl":{"start":{"line":16,"column":10},"end":{"line":16,"column":11}},"loc":{"start":{"line":16,"column":16},"end":{"line":26,"column":3}},"line":16},"3":{"name":"(anonymous_3)","decl":{"start":{"line":16,"column":16},"end":{"line":16,"column":17}},"loc":{"start":{"line":16,"column":30},"end":{"line":26,"column":3}},"line":16},"4":{"name":"(anonymous_4)","decl":{"start":{"line":27,"column":11},"end":{"line":27,"column":12}},"loc":{"start":{"line":27,"column":20},"end":{"line":35,"column":3}},"line":27},"5":{"name":"(anonymous_5)","decl":{"start":{"line":27,"column":20},"end":{"line":27,"column":21}},"loc":{"start":{"line":27,"column":34},"end":{"line":35,"column":3}},"line":27},"6":{"name":"(anonymous_6)","decl":{"start":{"line":28,"column":30},"end":{"line":28,"column":31}},"loc":{"start":{"line":28,"column":46},"end":{"line":34,"column":5}},"line":28},"7":{"name":"(anonymous_7)","decl":{"start":{"line":36,"column":18},"end":{"line":36,"column":19}},"loc":{"start":{"line":36,"column":33},"end":{"line":50,"column":3}},"line":36},"8":{"name":"(anonymous_8)","decl":{"start":{"line":36,"column":33},"end":{"line":36,"column":34}},"loc":{"start":{"line":36,"column":53},"end":{"line":50,"column":3}},"line":36},"9":{"name":"(anonymous_9)","decl":{"start":{"line":51,"column":14},"end":{"line":51,"column":15}},"loc":{"start":{"line":51,"column":29},"end":{"line":60,"column":3}},"line":51},"10":{"name":"(anonymous_10)","decl":{"start":{"line":51,"column":29},"end":{"line":51,"column":30}},"loc":{"start":{"line":51,"column":49},"end":{"line":60,"column":3}},"line":51}},"branchMap":{"0":{"loc":{"start":{"line":18,"column":4},"end":{"line":22,"column":5}},"type":"if","locations":[{"start":{"line":18,"column":4},"end":{"line":22,"column":5}},{"start":{"line":18,"column":4},"end":{"line":22,"column":5}}],"line":18},"1":{"loc":{"start":{"line":29,"column":6},"end":{"line":33,"column":7}},"type":"if","locations":[{"start":{"line":29,"column":6},"end":{"line":33,"column":7}},{"start":{"line":29,"column":6},"end":{"line":33,"column":7}}],"line":29},"2":{"loc":{"start":{"line":44,"column":4},"end":{"line":49,"column":5}},"type":"if","locations":[{"start":{"line":44,"column":4},"end":{"line":49,"column":5}},{"start":{"line":44,"column":4},"end":{"line":49,"column":5}}],"line":44},"3":{"loc":{"start":{"line":54,"column":4},"end":{"line":59,"column":5}},"type":"if","locations":[{"start":{"line":54,"column":4},"end":{"line":59,"column":5}},{"start":{"line":54,"column":4},"end":{"line":59,"column":5}}],"line":54}},"s":{"0":1,"1":1,"2":1,"3":1,"4":1,"5":1,"6":0,"7":0,"8":0,"9":0,"10":0,"11":0,"12":0,"13":0,"14":0,"15":0,"16":0,"17":0,"18":0,"19":0,"20":0,"21":0,"22":0,"23":0,"24":0,"25":0,"26":0,"27":0,"28":0,"29":0,"30":0,"31":0},"f":{"0":0,"1":0,"2":0,"3":0,"4":0,"5":0,"6":0,"7":0,"8":0,"9":0,"10":0},"b":{"0":[0,0],"1":[0,0],"2":[0,0],"3":[0,0]},"_coverageSchema":"43e27e138ebf9cfc5966b082cf9a028302ed4184","hash":"b0fc7aca2c0a4208627b8b21a935eea4bd601a3f"}
,"/Users/x219787/cloud-identity/utils/logger.js": {"path":"/Users/x219787/cloud-identity/utils/logger.js","statementMap":{"0":{"start":{"line":1,"column":16},"end":{"line":1,"column":34}},"1":{"start":{"line":2,"column":13},"end":{"line":2,"column":28}},"2":{"start":{"line":4,"column":0},"end":{"line":33,"column":2}}},"fnMap":{},"branchMap":{},"s":{"0":1,"1":1,"2":1},"f":{},"b":{},"_coverageSchema":"43e27e138ebf9cfc5966b082cf9a028302ed4184","hash":"7cd4dca26365cadbbd38feeaeed9e9cee1bd5723"}
,"/Users/x219787/cloud-identity/utils/respond.js": {"path":"/Users/x219787/cloud-identity/utils/respond.js","statementMap":{"0":{"start":{"line":1,"column":26},"end":{"line":4,"column":2}},"1":{"start":{"line":1,"column":48},"end":{"line":4,"column":1}},"2":{"start":{"line":6,"column":0},"end":{"line":29,"column":2}},"3":{"start":{"line":8,"column":4},"end":{"line":16,"column":5}},"4":{"start":{"line":9,"column":6},"end":{"line":9,"column":76}},"5":{"start":{"line":10,"column":11},"end":{"line":16,"column":5}},"6":{"start":{"line":11,"column":6},"end":{"line":11,"column":73}},"7":{"start":{"line":12,"column":11},"end":{"line":16,"column":5}},"8":{"start":{"line":13,"column":6},"end":{"line":13,"column":71}},"9":{"start":{"line":14,"column":11},"end":{"line":16,"column":5}},"10":{"start":{"line":15,"column":6},"end":{"line":15,"column":68}},"11":{"start":{"line":18,"column":29},"end":{"line":18,"column":71}},"12":{"start":{"line":20,"column":4},"end":{"line":22,"column":71}},"13":{"start":{"line":24,"column":4},"end":{"line":26,"column":68}},"14":{"start":{"line":28,"column":4},"end":{"line":28,"column":69}}},"fnMap":{"0":{"name":"(anonymous_0)","decl":{"start":{"line":1,"column":26},"end":{"line":1,"column":27}},"loc":{"start":{"line":1,"column":48},"end":{"line":4,"column":1}},"line":1},"1":{"name":"(anonymous_1)","decl":{"start":{"line":7,"column":9},"end":{"line":7,"column":10}},"loc":{"start":{"line":7,"column":28},"end":{"line":17,"column":3}},"line":7},"2":{"name":"(anonymous_2)","decl":{"start":{"line":18,"column":11},"end":{"line":18,"column":12}},"loc":{"start":{"line":18,"column":29},"end":{"line":18,"column":71}},"line":18},"3":{"name":"(anonymous_3)","decl":{"start":{"line":19,"column":17},"end":{"line":19,"column":18}},"loc":{"start":{"line":20,"column":4},"end":{"line":22,"column":71}},"line":20},"4":{"name":"(anonymous_4)","decl":{"start":{"line":23,"column":15},"end":{"line":23,"column":16}},"loc":{"start":{"line":24,"column":4},"end":{"line":26,"column":68}},"line":24},"5":{"name":"(anonymous_5)","decl":{"start":{"line":27,"column":11},"end":{"line":27,"column":12}},"loc":{"start":{"line":28,"column":4},"end":{"line":28,"column":69}},"line":28}},"branchMap":{"0":{"loc":{"start":{"line":8,"column":4},"end":{"line":16,"column":5}},"type":"if","locations":[{"start":{"line":8,"column":4},"end":{"line":16,"column":5}},{"start":{"line":8,"column":4},"end":{"line":16,"column":5}}],"line":8},"1":{"loc":{"start":{"line":10,"column":11},"end":{"line":16,"column":5}},"type":"if","locations":[{"start":{"line":10,"column":11},"end":{"line":16,"column":5}},{"start":{"line":10,"column":11},"end":{"line":16,"column":5}}],"line":10},"2":{"loc":{"start":{"line":12,"column":11},"end":{"line":16,"column":5}},"type":"if","locations":[{"start":{"line":12,"column":11},"end":{"line":16,"column":5}},{"start":{"line":12,"column":11},"end":{"line":16,"column":5}}],"line":12},"3":{"loc":{"start":{"line":14,"column":11},"end":{"line":16,"column":5}},"type":"if","locations":[{"start":{"line":14,"column":11},"end":{"line":16,"column":5}},{"start":{"line":14,"column":11},"end":{"line":16,"column":5}}],"line":14}},"s":{"0":1,"1":0,"2":1,"3":0,"4":0,"5":0,"6":0,"7":0,"8":0,"9":0,"10":0,"11":0,"12":0,"13":0,"14":0},"f":{"0":0,"1":0,"2":0,"3":0,"4":0,"5":0},"b":{"0":[0,0],"1":[0,0],"2":[0,0],"3":[0,0]},"_coverageSchema":"43e27e138ebf9cfc5966b082cf9a028302ed4184","hash":"5217cb27a305519f7b5cedfc008656b6955f246d"}
,"/Users/x219787/cloud-identity/utils/token-generator.js": {"path":"/Users/x219787/cloud-identity/utils/token-generator.js","statementMap":{"0":{"start":{"line":1,"column":15},"end":{"line":1,"column":32}},"1":{"start":{"line":2,"column":14},"end":{"line":2,"column":30}},"2":{"start":{"line":3,"column":15},"end":{"line":3,"column":34}},"3":{"start":{"line":5,"column":0},"end":{"line":19,"column":2}},"4":{"start":{"line":6,"column":16},"end":{"line":6,"column":55}},"5":{"start":{"line":7,"column":18},"end":{"line":11,"column":3}},"6":{"start":{"line":12,"column":22},"end":{"line":12,"column":62}},"7":{"start":{"line":13,"column":2},"end":{"line":17,"column":3}},"8":{"start":{"line":14,"column":4},"end":{"line":14,"column":66}},"9":{"start":{"line":16,"column":4},"end":{"line":16,"column":62}},"10":{"start":{"line":18,"column":2},"end":{"line":18,"column":15}}},"fnMap":{"0":{"name":"(anonymous_0)","decl":{"start":{"line":5,"column":17},"end":{"line":5,"column":18}},"loc":{"start":{"line":5,"column":25},"end":{"line":19,"column":1}},"line":5}},"branchMap":{},"s":{"0":1,"1":1,"2":1,"3":1,"4":0,"5":0,"6":0,"7":0,"8":0,"9":0,"10":0},"f":{"0":0},"b":{},"_coverageSchema":"43e27e138ebf9cfc5966b082cf9a028302ed4184","hash":"0935371d7687dd1acb0ba8b205c7a512193ff95d"}
}
